<?xml version="1.0" encoding="UTF-8"?>
<!-- Generated by org.testng.reporters.JUnitReportReporter -->
<testsuite skipped="0" hostname="H5CG7511SFY" name="baseSetup.DriverManager" tests="1" failures="0" timestamp="08 Nov 2018 06:12:45 GMT" time="56.062" errors="0">
  <testcase name="testing" time="56.062" classname="baseSetup.DriverManager"/>
</testsuite> <!-- baseSetup.DriverManager -->
