<?xml version="1.0" encoding="UTF-8"?>
<!-- Generated by org.testng.reporters.JUnitReportReporter -->
<testsuite skipped="0" hostname="H5CG7511SFY" name="tests.BuyPerfumeTest" tests="1" failures="0" timestamp="09 Nov 2018 08:13:45 GMT" time="33.429" errors="0">
  <testcase name="buyPerfumeTestFailureScreenshot" time="33.429" classname="tests.BuyPerfumeTest"/>
</testsuite> <!-- tests.BuyPerfumeTest -->
