<?xml version="1.0" encoding="UTF-8"?>
<!-- Generated by org.testng.reporters.JUnitReportReporter -->
<testsuite skipped="0" hostname="H5CG7511SFY" name="baseSetup.Base" tests="1" failures="0" timestamp="08 Nov 2018 06:29:15 GMT" time="0.014" errors="0">
  <testcase name="test" time="0.014" classname="baseSetup.Base"/>
</testsuite> <!-- baseSetup.Base -->
